<?xml version="1.0" encoding="UTF-8"?>
<testng-results skipped="0" failed="0" ignored="0" total="2" passed="2">
  <reporter-output>
  </reporter-output>
  <suite name="Surefire suite" duration-ms="36519" started-at="2017-04-06T22:10:47Z" finished-at="2017-04-06T22:11:23Z">
    <groups>
      <group name="cucumber">
        <method signature="AbstractTestNGCucumberTests.feature(cucumber.api.testng.CucumberFeatureWrapper)[pri:0, instance:RunnerTest@15975490]" name="feature" class="cucumber.api.testng.AbstractTestNGCucumberTests"/>
      </group> <!-- cucumber -->
    </groups>
    <test name="Surefire test" duration-ms="36519" started-at="2017-04-06T22:10:47Z" finished-at="2017-04-06T22:11:23Z">
      <class name="RunnerTest">
        <test-method status="PASS" signature="setUpClass()[pri:0, instance:RunnerTest@15975490]" name="setUpClass" is-config="true" duration-ms="182" started-at="2017-04-06T15:10:47Z" finished-at="2017-04-06T15:10:47Z">
          <reporter-output>
          </reporter-output>
        </test-method> <!-- setUpClass -->
        <test-method status="PASS" signature="feature(cucumber.api.testng.CucumberFeatureWrapper)[pri:0, instance:RunnerTest@15975490]" name="feature" duration-ms="23" started-at="2017-04-06T15:10:47Z" description="Runs Cucumber Feature" data-provider="features" finished-at="2017-04-06T15:10:47Z">
          <params>
            <param index="0">
              <value>
                <![CDATA[Hotel Features]]>
              </value>
            </param>
          </params>
          <reporter-output>
          </reporter-output>
        </test-method> <!-- feature -->
        <test-method status="PASS" signature="feature(cucumber.api.testng.CucumberFeatureWrapper)[pri:0, instance:RunnerTest@15975490]" name="feature" duration-ms="36238" started-at="2017-04-06T15:10:47Z" description="Runs Cucumber Feature" data-provider="features" finished-at="2017-04-06T15:11:23Z">
          <params>
            <param index="0">
              <value>
                <![CDATA[Exact Date Market Search]]>
              </value>
            </param>
          </params>
          <reporter-output>
          </reporter-output>
        </test-method> <!-- feature -->
        <test-method status="PASS" signature="tearDownClass()[pri:0, instance:RunnerTest@15975490]" name="tearDownClass" is-config="true" duration-ms="7" started-at="2017-04-06T15:11:23Z" finished-at="2017-04-06T15:11:23Z">
          <reporter-output>
          </reporter-output>
        </test-method> <!-- tearDownClass -->
      </class> <!-- RunnerTest -->
    </test> <!-- Surefire test -->
  </suite> <!-- Surefire suite -->
</testng-results>
