<?xml version="1.0" encoding="UTF-8"?>
<testsuite hostname="localhost.localdomain" name="com.orbitz.travelport.product.car.test.CarBooking" tests="1" failures="1" timestamp="12 Apr 2012 12:06:52 GMT" time="165.455" errors="0">
  <testcase name="@AfterMethod tearDown" time="0.0" classname="com.orbitz.travelport.product.car.test.CarBooking">
    <failure type="java.lang.reflect.UndeclaredThrowableException">
      <![CDATA[java.lang.reflect.UndeclaredThrowableException
	at $Proxy9.onException(Unknown Source)
	at org.openqa.selenium.support.events.EventFiringWebDriver$2.invoke(EventFiringWebDriver.java:100)
	at $Proxy10.quit(Unknown Source)
	at org.openqa.selenium.support.events.EventFiringWebDriver.quit(EventFiringWebDriver.java:191)
	at com.orbitz.travelport.supportclasses.OfbTestSet.tearDown(Unknown Source)
	at java.util.concurrent.ThreadPoolExecutor$Worker.runTask(ThreadPoolExecutor.java:886)
	at java.util.concurrent.ThreadPoolExecutor$Worker.run(ThreadPoolExecutor.java:908)
	at java.lang.Thread.run(Thread.java:662)
	at org.openqa.selenium.support.events.EventFiringWebDriver$1.invoke(EventFiringWebDriver.java:78)
	... 27 more
Caused by: org.openqa.selenium.remote.UnreachableBrowserException: Error communicating with the remote browser. It may have died.
Build info: version: '2.20.0', revision: '16008', time: '2012-02-27 19:03:59'
System info: os.name: 'Linux', os.arch: 'i386', os.version: '2.6.18-274.17.1.el5PAE', java.version: '1.6.0_29'
Driver info: driver.version: EventFiringWebDriver
	at org.openqa.selenium.remote.RemoteWebDriver.execute(RemoteWebDriver.java:435)
	at org.openqa.selenium.remote.RemoteWebDriver.execute(RemoteWebDriver.java:442)
	at org.openqa.selenium.firefox.FirefoxDriver.getScreenshotAs(FirefoxDriver.java:233)
	at com.orbitz.travelport.supportclasses.OfbUtility.takeScreenshot(Unknown Source)
	at com.orbitz.travelport.supportclasses.CustomEventListener.onException(Unknown Source)
	... 32 more
Caused by: org.openqa.selenium.WebDriverException: The FirefoxDriver cannot be used after quit() was called.
Build info: version: '2.20.0', revision: '16008', time: '2012-02-27 19:03:59'
System info: os.name: 'Linux', os.arch: 'i386', os.version: '2.6.18-274.17.1.el5PAE', java.version: '1.6.0_29'
Driver info: driver.version: EventFiringWebDriver
	at org.openqa.selenium.firefox.FirefoxDriver$LazyCommandExecutor.execute(FirefoxDriver.java:264)
	at org.openqa.selenium.remote.RemoteWebDriver.execute(RemoteWebDriver.java:415)
	... 36 more
... Removed 24 stack frames]]>
    </failure>
  </testcase>
  <testcase name="carBookingByAddress" time="114.05" classname="com.orbitz.travelport.product.car.test.CarBooking">
    <failure type="java.lang.reflect.UndeclaredThrowableException">
      <![CDATA[java.lang.reflect.UndeclaredThrowableException
	at $Proxy9.onException(Unknown Source)
	at org.openqa.selenium.support.events.EventFiringWebDriver$2.invoke(EventFiringWebDriver.java:100)
	at $Proxy10.findElement(Unknown Source)
	at org.openqa.selenium.support.events.EventFiringWebDriver.findElement(EventFiringWebDriver.java:177)
	at com.orbitz.travelport.product.car.keyword.CarCommon.assertReturnToTop(Unknown Source)
	at com.orbitz.travelport.product.car.test.CarBooking.carBookingByAddress(Unknown Source)
	at java.util.concurrent.ThreadPoolExecutor$Worker.runTask(ThreadPoolExecutor.java:886)
	at java.util.concurrent.ThreadPoolExecutor$Worker.run(ThreadPoolExecutor.java:908)
	at java.lang.Thread.run(Thread.java:662)
	at org.openqa.selenium.support.events.EventFiringWebDriver$1.invoke(EventFiringWebDriver.java:78)
	... 26 more
Caused by: org.openqa.selenium.remote.UnreachableBrowserException: Error communicating with the remote browser. It may have died.
Build info: version: '2.20.0', revision: '16008', time: '2012-02-27 19:03:59'
System info: os.name: 'Linux', os.arch: 'i386', os.version: '2.6.18-274.17.1.el5PAE', java.version: '1.6.0_29'
Driver info: driver.version: EventFiringWebDriver
	at org.openqa.selenium.remote.RemoteWebDriver.execute(RemoteWebDriver.java:435)
	at org.openqa.selenium.remote.RemoteWebDriver.execute(RemoteWebDriver.java:442)
	at org.openqa.selenium.firefox.FirefoxDriver.getScreenshotAs(FirefoxDriver.java:233)
	at com.orbitz.travelport.supportclasses.OfbUtility.takeScreenshot(Unknown Source)
	at com.orbitz.travelport.supportclasses.CustomEventListener.onException(Unknown Source)
	... 31 more
Caused by: org.apache.http.conn.HttpHostConnectException: Connection to http://127.0.0.1:7056 refused
	at org.apache.http.impl.conn.DefaultClientConnectionOperator.openConnection(DefaultClientConnectionOperator.java:158)
	at org.apache.http.impl.conn.AbstractPoolEntry.open(AbstractPoolEntry.java:149)
	at org.apache.http.impl.conn.AbstractPooledConnAdapter.open(AbstractPooledConnAdapter.java:121)
	at org.apache.http.impl.client.DefaultRequestDirector.tryConnect(DefaultRequestDirector.java:573)
	at org.apache.http.impl.client.DefaultRequestDirector.execute(DefaultRequestDirector.java:425)
	at org.apache.http.impl.client.AbstractHttpClient.execute(AbstractHttpClient.java:820)
	at org.openqa.selenium.remote.HttpCommandExecutor.fallBackExecute(HttpCommandExecutor.java:304)
	at org.openqa.selenium.remote.HttpCommandExecutor.execute(HttpCommandExecutor.java:283)
	at org.openqa.selenium.firefox.internal.NewProfileExtensionConnection.execute(NewProfileExtensionConnection.java:122)
	at org.openqa.selenium.firefox.FirefoxDriver$LazyCommandExecutor.execute(FirefoxDriver.java:266)
	at org.openqa.selenium.remote.RemoteWebDriver.execute(RemoteWebDriver.java:415)
	... 35 more
Caused by: java.net.ConnectException: Connection refused
	at java.net.PlainSocketImpl.socketConnect(Native Method)
	at java.net.PlainSocketImpl.doConnect(PlainSocketImpl.java:351)
	at java.net.PlainSocketImpl.connectToAddress(PlainSocketImpl.java:213)
	at java.net.PlainSocketImpl.connect(PlainSocketImpl.java:200)
	at java.net.SocksSocketImpl.connect(SocksSocketImpl.java:366)
	at java.net.Socket.connect(Socket.java:529)
	at org.apache.http.conn.scheme.PlainSocketFactory.connectSocket(PlainSocketFactory.java:123)
	at org.apache.http.impl.conn.DefaultClientConnectionOperator.openConnection(DefaultClientConnectionOperator.java:148)
	... 45 more
... Removed 22 stack frames]]>
    </failure>
  </testcase>
</testsuite>
